{
  "RSpec": {
    "coverage": {
      "/Users/joaoabbott-gribben/projects/makers_bnb/madcoders_makersbnb/spec/features/user_auth_spec.rb": [

        1,
        null,
        1,
        1,
        1,
        1,
        1,
        null,
        null,
        null,
        1,
        3,
        null,
        1,
        1,
        1,
        null,
        null,
        1,
        1,
        1,
        null,
        1,
        1,
        1,
        null,
        null,
        null,
        1,
        1,
        1,
        1,
        1,
        null,
        null,
        null,
        1,
        1,
        1,
        1,
        1,
        1,
        null,
        1,
        1,
        1,
        1,
        1,
        1,
        1,
        1,
        1,
        1,
        1,
        1,
        1,


        null,
        null,
        null
      ]
    },

    "timestamp": 1547121841
  }
}
